<<<<<<< HEAD
Collecting package metadata (current_repodata.json): ...working... done
Solving environment: ...working... unsuccessful attempt using repodata from current_repodata.json, retrying with next repodata source.
Collecting package metadata (repodata.json): ...working... done
Solving environment: ...working... done


==> WARNING: A newer version of conda exists. <==
  current version: 23.7.4
  latest version: 24.1.2

Please update conda by running

    $ conda update -n base -c defaults conda

Or to minimize the number of packages updated during conda update use

     conda install conda=24.1.2



## Package Plan ##

  environment location: /home/mldesk/.conda/envs/Whisper
=======
Channels:
 - defaults
Platform: linux-64
Collecting package metadata (repodata.json): ...working... done
Solving environment: ...working... done

## Package Plan ##

  environment location: /home/mlmachine/anaconda3/envs/my_test_env
>>>>>>> b79b1c6e1601ee114e338a96f8fa4db8800ffa15

  added / updated specs:
    - python=3.11.5


The following NEW packages will be INSTALLED:

  _libgcc_mutex      pkgs/main/linux-64::_libgcc_mutex-0.1-main 
  _openmp_mutex      pkgs/main/linux-64::_openmp_mutex-5.1-1_gnu 
  bzip2              pkgs/main/linux-64::bzip2-1.0.8-h7b6447c_0 
  ca-certificates    pkgs/main/linux-64::ca-certificates-2023.12.12-h06a4308_0 
  ld_impl_linux-64   pkgs/main/linux-64::ld_impl_linux-64-2.38-h1181459_1 
  libffi             pkgs/main/linux-64::libffi-3.4.4-h6a678d5_0 
  libgcc-ng          pkgs/main/linux-64::libgcc-ng-11.2.0-h1234567_1 
  libgomp            pkgs/main/linux-64::libgomp-11.2.0-h1234567_1 
  libstdcxx-ng       pkgs/main/linux-64::libstdcxx-ng-11.2.0-h1234567_1 
  libuuid            pkgs/main/linux-64::libuuid-1.41.5-h5eee18b_0 
  ncurses            pkgs/main/linux-64::ncurses-6.4-h6a678d5_0 
  openssl            pkgs/main/linux-64::openssl-3.0.13-h7f8727e_0 
  pip                pkgs/main/linux-64::pip-23.3.1-py311h06a4308_0 
  python             pkgs/main/linux-64::python-3.11.5-h955ad1f_0 
  readline           pkgs/main/linux-64::readline-8.2-h5eee18b_0 
  setuptools         pkgs/main/linux-64::setuptools-68.2.2-py311h06a4308_0 
  sqlite             pkgs/main/linux-64::sqlite-3.41.2-h5eee18b_0 
  tk                 pkgs/main/linux-64::tk-8.6.12-h1ccaba5_0 
  tzdata             pkgs/main/noarch::tzdata-2023d-h04d1e81_0 
  wheel              pkgs/main/linux-64::wheel-0.41.2-py311h06a4308_0 
  xz                 pkgs/main/linux-64::xz-5.4.5-h5eee18b_0 
  zlib               pkgs/main/linux-64::zlib-1.2.13-h5eee18b_0 



<<<<<<< HEAD
Downloading and Extracting Packages

=======
Downloading and Extracting Packages: ...working... done
>>>>>>> b79b1c6e1601ee114e338a96f8fa4db8800ffa15
Preparing transaction: ...working... done
Verifying transaction: ...working... done
Executing transaction: ...working... done
#
# To activate this environment, use
#
<<<<<<< HEAD
#     $ conda activate Whisper
=======
#     $ conda activate my_test_env
>>>>>>> b79b1c6e1601ee114e338a96f8fa4db8800ffa15
#
# To deactivate an active environment, use
#
#     $ conda deactivate

