Collecting package metadata (current_repodata.json): ...working... done
Solving environment: ...working... done


==> WARNING: A newer version of conda exists. <==
  current version: 23.7.4
  latest version: 24.1.0

Please update conda by running

    $ conda update -n base -c defaults conda

Or to minimize the number of packages updated during conda update use

     conda install conda=24.1.0



## Package Plan ##

  environment location: /home/mlmachine/.conda/envs/my_environment



Preparing transaction: ...working... done
Verifying transaction: ...working... done
Executing transaction: ...working... done
#
# To activate this environment, use
#
#     $ conda activate my_environment
#
# To deactivate an active environment, use
#
#     $ conda deactivate

